<?xml version="1.0" encoding="UTF-8"?>
<testsuite name="org.cytoscape.cyGraph.GraphAlgorithmsImplTest" time="0.095" tests="9" errors="0" skipped="0" failures="0">
  <properties>
[...]
</properties>
  <testcase name="findAllPairShortestPathTest" classname="org.cytoscape.cyGraph.GraphAlgorithmsImplTest" time="0.01"/>
  <testcase name="findShortestPathTest" classname="org.cytoscape.cyGraph.GraphAlgorithmsImplTest" time="0.022"/>
  <testcase name="breadthFirstSearchTest" classname="org.cytoscape.cyGraph.GraphAlgorithmsImplTest" time="0.006"/>
  <testcase name="getPageranksTest" classname="org.cytoscape.cyGraph.GraphAlgorithmsImplTest" time="0.008"/>
  <testcase name="findPathTest" classname="org.cytoscape.cyGraph.GraphAlgorithmsImplTest" time="0.014"/>
  <testcase name="findPrimTreeTest" classname="org.cytoscape.cyGraph.GraphAlgorithmsImplTest" time="0.02"/>
  <testcase name="getHITSScoresTest" classname="org.cytoscape.cyGraph.GraphAlgorithmsImplTest" time="0.005"/>
  <testcase name="findKruskalTreeTest" classname="org.cytoscape.cyGraph.GraphAlgorithmsImplTest" time="0.006"/>
  <testcase name="depthFirstSearchTest" classname="org.cytoscape.cyGraph.GraphAlgorithmsImplTest" time="0.004"/>
</testsuite>